<?xml version="1.0" encoding="UTF-8"?>
<!-- Generated by org.testng.reporters.JUnitReportReporter -->
<testsuite hostname="localhost.localdomain" name="com.yahoo.ycsb.generator.TestZipfianGenerator" tests="1" failures="0" timestamp="10 Jun 2019 11:15:24 GMT" time="0.005" errors="0">
  <testcase name="testMinAndMaxParameter" time="0.005" classname="com.yahoo.ycsb.generator.TestZipfianGenerator"/>
</testsuite>
