<?xml version="1.0" encoding="UTF-8"?>
<!-- Generated by org.testng.reporters.JUnitReportReporter -->
<testsuite hostname="localhost.localdomain" name="com.yahoo.ycsb.TestByteIterator" tests="1" failures="0" timestamp="10 Jun 2019 11:15:24 GMT" time="0.006" errors="0">
  <testcase name="testRandomByteIterator" time="0.006" classname="com.yahoo.ycsb.TestByteIterator"/>
</testsuite>
