<?xml version="1.0" encoding="UTF-8"?>
<!-- Generated by org.testng.reporters.JUnitReportReporter -->
<testsuite hostname="localhost.localdomain" name="com.yahoo.ycsb.workloads.TestCoreWorkload" tests="2" failures="0" timestamp="10 Jun 2019 11:15:24 GMT" time="0.004" errors="0">
  <testcase name="createOperationChooser" time="0.004" classname="com.yahoo.ycsb.workloads.TestCoreWorkload"/>
  <testcase name="createOperationChooserNullProperties" time="0.000" classname="com.yahoo.ycsb.workloads.TestCoreWorkload"/>
</testsuite>
